<?xml version="1.0" encoding="UTF-8"?>
<!-- Generated by org.testng.reporters.JUnitReportReporter -->
<testsuite hostname="suren-Precision-M4600" name="com.test.LoginPageTest" tests="1" failures="0" timestamp="5 Aug 2016 17:46:05 GMT" time="1.944" errors="0">
  <testcase name="testInvalidLogin" time="1.944" classname="com.test.LoginPageTest"/>
</testsuite> <!-- com.test.LoginPageTest -->
