<?xml version="1.0" encoding="UTF-8"?>
<!-- Generated by org.testng.reporters.JUnitReportReporter -->
<testsuite hostname="suren-Precision-M4600" name="com.test.HomePageTest" tests="3" failures="0" timestamp="5 Aug 2016 17:46:05 GMT" time="3.372" errors="0">
  <testcase name="testCountSocialIcons" time="0.119" classname="com.test.HomePageTest"/>
  <testcase name="testLoginClick" time="3.002" classname="com.test.HomePageTest"/>
  <testcase name="testCountSlider" time="0.251" classname="com.test.HomePageTest"/>
</testsuite> <!-- com.test.HomePageTest -->
