<?xml version="1.0" encoding="UTF-8"?>
<!-- Generated by org.testng.reporters.JUnitReportReporter -->
<testsuite hostname="suren-Precision-M4600" name="com.test.RightStartTest" tests="1" failures="0" timestamp="4 Aug 2016 15:51:13 GMT" time="3.169" errors="0">
  <testcase name="testThermometer" time="3.169" classname="com.test.RightStartTest"/>
</testsuite> <!-- com.test.RightStartTest -->
