<?xml version="1.0" encoding="UTF-8"?>
<!-- Generated by org.testng.reporters.JUnitReportReporter -->
<testsuite hostname="suren-Precision-M4600" name="com.test.EbayTest" tests="5" failures="0" timestamp="4 Aug 2016 02:00:49 GMT" time="40.697" errors="0">
  <testcase name="testListingCountDP" time="8.413" classname="com.test.EbayTest"/>
  <testcase name="testListingCountDP" time="12.591" classname="com.test.EbayTest"/>
  <testcase name="testCategory" time="0.171" classname="com.test.EbayTest"/>
  <testcase name="testListingCountDP" time="8.755" classname="com.test.EbayTest"/>
  <testcase name="testListingCount" time="10.767" classname="com.test.EbayTest"/>
</testsuite> <!-- com.test.EbayTest -->
