<?xml version="1.0" encoding="UTF-8"?>
<!-- Generated by org.testng.reporters.JUnitReportReporter -->
<testsuite hostname="suren-Precision-M4600" name="com.test.EbayTest" tests="4" failures="0" timestamp="4 Aug 2016 15:51:13 GMT" time="25.353" errors="0">
  <testcase name="testCategory" time="0.184" classname="com.test.EbayTest"/>
  <testcase name="testListingCountDP" time="11.243" classname="com.test.EbayTest"/>
  <testcase name="testListingCountDP" time="5.786" classname="com.test.EbayTest"/>
  <testcase name="testListingCountDP" time="8.140" classname="com.test.EbayTest"/>
</testsuite> <!-- com.test.EbayTest -->
